
Total de Possibilidades: 1024

Podas por arestas: 0

Podas por DFS: 35

Numero de folhas que foram analisadas: 444, ou seja, 43.36% do total


Total de Possibilidades: 1024

Podas por arestas: 0

Podas por DFS: 35

Numero de folhas que foram analisadas: 444, ou seja, 43.36% do total


Total de Possibilidades: 1024

Podas por arestas: 0

Podas por DFS: 35

Numero de folhas que foram analisadas: 444, ou seja, 43.36% do total


Total de Possibilidades: 1024

Podas por arestas: 0

Podas por DFS: 35

Numero de folhas que foram analisadas: 444, ou seja, 43.36% do total


Total de Possibilidades: 1024

Podas por arestas: 0

Podas por DFS: 35

Numero de folhas que foram analisadas: 444, ou seja, 43.36% do total


Total de Possibilidades: 1024

Podas por arestas: 0

Podas por DFS: 35

Numero de folhas que foram analisadas: 444, ou seja, 43.36% do total


Total de Possibilidades: 1024

Podas por arestas: 0

Podas por DFS: 35

Numero de folhas que foram analisadas: 444, ou seja, 43.36% do total


Total de Possibilidades: 1024

Podas por arestas: 0

Podas por DFS: 0

Numero de folhas que foram analisadas: 0, ou seja, 0.00% do total


Total de Possibilidades: 1024

Podas por arestas: 0

Podas por DFS: 35

Numero de folhas que foram analisadas: 444, ou seja, 43.36% do total

0 1 1 1 1 
1 0 1 1 1 
1 1 0 1 1 
1 1 1 0 1 
1 1 1 1 0 


Total de Possibilidades: 1024

Podas por arestas: 0

Podas por DFS: 0

Numero de folhas que foram analisadas: 0, ou seja, 0.00% do total

valorPrim: 110 1 1 1 1 
1 0 1 1 1 
1 1 0 1 1 
1 1 1 0 1 
1 1 1 1 0 

valorPrim: 17valorPrim: 11
Total de Possibilidades: 1024

Podas por arestas: 0

Podas por DFS: 0

Numero de folhas que foram analisadas: 0, ou seja, 0.00% do total

valorPrim: 11 solucao 99999999 
0 1 1 1 1 
1 0 1 1 1 
1 1 0 1 1 
1 1 1 0 1 
1 1 1 1 0 

valorPrim: 17 solucao 11 
valorPrim: 11 solucao 11 

Total de Possibilidades: 1024

Podas por arestas: 0

Podas por DFS: 0

Numero de folhas que foram analisadas: 0, ou seja, 0.00% do total


Total de Possibilidades: 1024

Podas por arestas: 0

Podas por DFS: 0

Numero de folhas que foram analisadas: 0, ou seja, 0.00% do total

valorPrim: 11 solucao 99999999 
0 1 1 1 1 
1 0 1 1 1 
1 1 0 1 1 
1 1 1 0 1 
1 1 1 1 0 

valorPrim: 17 solucao 11 
valorPrim: 11 solucao 11 

Total de Possibilidades: 1024

Podas por arestas: 0

Podas por DFS: 0

Numero de folhas que foram analisadas: 0, ou seja, 0.00% do total

valorPrim: 11 solucao 99999999 
0 1 1 1 1 
1 0 1 1 1 
1 1 0 1 1 
1 1 1 0 1 
1 1 1 1 0 

valorPrim: 17 solucao 11 
valorPrim: 11 solucao 11 

Total de Possibilidades: 1024

Podas por arestas: 0

Podas por DFS: 0

Numero de folhas que foram analisadas: 0, ou seja, 0.00% do total


Total de Possibilidades: 1024

Podas por arestas: 0

Podas por DFS: 0

Numero de folhas que foram analisadas: 0, ou seja, 0.00% do total


Total de Possibilidades: 1024

Podas por arestas: 0

Podas por DFS: 0

Numero de folhas que foram analisadas: 0, ou seja, 0.00% do total


==================================================== fim alg =================
Total de Possibilidades: 1024

Podas por arestas: 0

Podas por DFS: 0

Numero de folhas que foram analisadas: 0, ou seja, 0.00% do total


==================================================== fim alg =================valorPrim: 11 solucao 99999999 
0 1 1 1 1 
1 0 1 1 1 
1 1 0 1 1 
1 1 1 0 1 
1 1 1 1 0 

valorPrim: 17 solucao 11 
valorPrim: 11 solucao 11 

Total de Possibilidades: 1024

Podas por arestas: 0

Podas por DFS: 0

Numero de folhas que foram analisadas: 0, ou seja, 0.00% do total


==================================================== fim alg =================valorPrim: 11 solucao 99999999 
0 1 1 1 1 
1 0 1 1 1 
1 1 0 1 1 
1 1 1 0 1 
1 1 1 1 0 

valorPrim: 17 solucao 11 
valorPrim: 11 solucao 11 

Total de Possibilidades: 1024

Podas por arestas: 0

Podas por DFS: 0

Numero de folhas que foram analisadas: 0, ou seja, 0.00% do total


==================================================== fim alg =================valorPrim: 11 solucao 99999999 
0 1 1 1 1 
1 0 1 1 1 
1 1 0 1 1 
1 1 1 0 1 
1 1 1 1 0 

valorPrim: 17 solucao 11 
valorPrim: 11 solucao 11 

Total de Possibilidades: 1024

Podas por arestas: 0

Podas por DFS: 0

Numero de folhas que foram analisadas: 0, ou seja, 0.00% do total


==================================================== fim alg =================valorPrim: 11 solucao 99999999 
0 1 1 1 1 
1 0 1 1 1 
1 1 0 1 1 
1 1 1 0 1 
1 1 1 1 0 

valorPrim: 17 solucao 11 
valorPrim: 11 solucao 11 

Total de Possibilidades: 1024

Podas por arestas: 0

Podas por DFS: 0

Numero de folhas que foram analisadas: 0, ou seja, 0.00% do total


==================================================== fim alg =================
valorPrim: 11 solucao 99999999 
0 1 1 1 1 
1 0 1 1 1 
1 1 0 1 1 
1 1 1 0 1 
1 1 1 1 0 

valorPrim: 17 solucao 11 
valorPrim: 11 solucao 11 

Total de Possibilidades: 1024

Podas por arestas: 0

Podas por DFS: 0

Numero de folhas que foram analisadas: 0, ou seja, 0.00% do total


==================================================== fim alg =================
n: 4 

valorPrim: 11 solucao 99999999 
0 1 1 1 1 
1 0 1 1 1 
1 1 0 1 1 
1 1 1 0 1 
1 1 1 1 0 

n: 4 

valorPrim: 17 solucao 11 
n: 4 

valorPrim: 11 solucao 11 

Total de Possibilidades: 1024

Podas por arestas: 0

Podas por DFS: 0

Numero de folhas que foram analisadas: 0, ou seja, 0.00% do total


==================================================== fim alg =================
valorPrim: 11 solucao 99999999 
0 1 1 1 1 
1 0 1 1 1 
1 1 0 1 1 
1 1 1 0 1 
1 1 1 1 0 

valorPrim: 17 solucao 11 
valorPrim: 11 solucao 11 

Total de Possibilidades: 1024

Podas por arestas: 0

Podas por DFS: 0

Numero de folhas que foram analisadas: 0, ou seja, 0.00% do total


==================================================== fim alg =================
valorPrim: 11 solucao 99999999 
0 1 1 1 1 
1 0 1 1 1 
1 1 0 1 1 
1 1 1 0 1 
1 1 1 1 0 

valorPrim: 17 solucao 11 
valorPrim: 11 solucao 11 

Total de Possibilidades: 1024

Podas por arestas: 0

Podas por DFS: 0

Numero de folhas que foram analisadas: 0, ou seja, 0.00% do total


==================================================== fim alg =================
valorPrim: 11 solucao 99999999 
0 1 1 1 1 
1 0 1 1 1 
1 1 0 1 1 
1 1 1 0 1 
1 1 1 1 0 

valorPrim: 17 solucao 11 
valorPrim: 11 solucao 11 

Total de Possibilidades: 1024

Podas por arestas: 0

Podas por DFS: 0

Numero de folhas que foram analisadas: 0, ou seja, 0.00% do total


==================================================== fim alg =================
contador: 0
contador: 1
contador: 2
contador: 3
valorPrim: 11 solucao 99999999 
0 1 1 1 1 
1 0 1 1 1 
1 1 0 1 1 
1 1 1 0 1 
1 1 1 1 0 

contador: 0
contador: 1
contador: 2
contador: 3
valorPrim: 17 solucao 11 
contador: 0
contador: 1
contador: 2
contador: 3
valorPrim: 11 solucao 11 

Total de Possibilidades: 1024

Podas por arestas: 0

Podas por DFS: 0

Numero de folhas que foram analisadas: 0, ou seja, 0.00% do total


==================================================== fim alg =================
contador: 4
valorPrim: 11 solucao 99999999 
0 1 1 1 1 
1 0 1 1 1 
1 1 0 1 1 
1 1 1 0 1 
1 1 1 1 0 

contador: 4
valorPrim: 17 solucao 11 
contador: 4
valorPrim: 11 solucao 11 

Total de Possibilidades: 1024

Podas por arestas: 0

Podas por DFS: 0

Numero de folhas que foram analisadas: 0, ou seja, 0.00% do total


==================================================== fim alg =================
contador: 4
contador: 4
valorPrim: 11 solucao 99999999 
0 1 1 1 1 
1 0 1 1 1 
1 1 0 1 1 
1 1 1 0 1 
1 1 1 1 0 

contador: 4
valorPrim: 17 solucao 11 
contador: 4
valorPrim: 11 solucao 11 

Total de Possibilidades: 1024

Podas por arestas: 0

Podas por DFS: 0

Numero de folhas que foram analisadas: 0, ou seja, 0.00% do total


==================================================== fim alg =================
contador: 4
valorPrim: 11 solucao 99999999 
0 1 1 1 1 
1 0 1 1 1 
1 1 0 1 1 
1 1 1 0 1 
1 1 1 1 0 

contador: 4
valorPrim: 17 solucao 11 
contador: 4
valorPrim: 11 solucao 11 

Total de Possibilidades: 1024

Podas por arestas: 0

Podas por DFS: 0

Numero de folhas que foram analisadas: 0, ou seja, 0.00% do total


==================================================== fim alg =================
contador: 4
0 1 1 1 1 
1 0 1 1 1 
1 1 0 1 1 
1 1 1 0 1 
1 1 1 1 0 


Total de Possibilidades: 1024

Podas por arestas: 0

Podas por DFS: 0

Numero de folhas que foram analisadas: 0, ou seja, 0.00% do total


==================================================== fim alg =================
valorPrim: 11 solucao 99999999 
contador: 4
0 1 1 1 1 
1 0 1 1 1 
1 1 0 1 1 
1 1 1 0 1 
1 1 1 1 0 


Total de Possibilidades: 1024

Podas por arestas: 0

Podas por DFS: 0

Numero de folhas que foram analisadas: 0, ou seja, 0.00% do total


==================================================== fim alg =================
contador: 4
0 1 1 1 1 
1 0 1 1 1 
1 1 0 1 1 
1 1 1 0 1 
1 1 1 1 0 


Total de Possibilidades: 1024

Podas por arestas: 0

Podas por DFS: 0

Numero de folhas que foram analisadas: 0, ou seja, 0.00% do total


==================================================== fim alg =================
contador: 4
0 1 1 1 1 
1 0 1 1 1 
1 1 0 1 1 
1 1 1 0 1 
1 1 1 1 0 


Total de Possibilidades: 1024

Podas por arestas: 0

Podas por DFS: 0

Numero de folhas que foram analisadas: 0, ou seja, 0.00% do total


==================================================== fim alg =================
